<?xml version="1.0" encoding="UTF-8"?>
<testsuite name="IntegrationCustomDurationTest" tests="1" skipped="0" failures="0" errors="0" timestamp="2022-07-12T06:20:46" hostname="INPNL000250" time="0.023">
  <properties/>
  <testcase name="getNumberOfDays_Test()" classname="IntegrationCustomDurationTest" time="0.023"/>
  <system-out><![CDATA[]]></system-out>
  <system-err><![CDATA[]]></system-err>
</testsuite>
